90 90 90 89 89 89 88 88 88 87 87 87 86 86 86 85 84 
75 75 75 74 74 74 73 73 73 72 72 72 71 71 71 85 84 
70 70 70 69 69 69 68 68 68 67 67 67 66 66 66 85 84 
65 65 65 64 64 64 63 63 63 62 62 62 61 61 61 83 82 
60 60 60 59 59 59 58 58 58 57 57 57 56 56 56 83 82 
55 55 55 54 54 54 53 53 53 52 52 52 51 51 51 83 82 
50 50 50 49 49 49 48 48 48 47 47 47 46 46 46 81 80 
45 45 45 44 44 44 43 43 43 42 42 42 41 41 41 81 80 
40 40 40 39 39 39 38 38 38 37 37 37 36 36 36 81 80 
35 35 35 34 34 34 33 33 33 32 32 32 31 31 31 79 78 
30 30 30 29 29 29 28 28 28 27 27 27 26 26 26 79 78 
25 25 25 24 24 24 23 23 23 22 22 22 21 21 21 79 78 
20 20 20 19 19 19 18 18 18 17 17 17 16 16 16 77 76 
15 15 15 14 14 14 13 13 13 12 12 12 11 11 11 77 76 
10 10 10 9 9 9 8 8 8 7 7 7 6 6 6 77 76 
5 5 5 4 4 4 3 3 3 2 2 2 1 1 1 0 0 
9 9 9 8 8 8 7 
6 6 6 5 5 5 7 
4 4 4 3 3 3 7 
2 2 2 1 1 1 0 
26 26 26 25 25 25 24 24 24 23 23 23 22 
20 20 20 19 19 19 18 18 18 17 17 17 22 
16 16 16 15 15 15 14 14 14 13 13 13 22 
12 12 12 11 11 11 10 10 10 9 9 9 21 
8 8 8 7 7 7 6 6 6 5 5 5 21 
4 4 4 3 3 3 2 2 2 1 1 1 21 
36 36 36 35 35 35 
34 34 34 33 33 33 
32 32 32 31 31 31 
30 30 30 29 29 29 
28 28 28 27 27 27 
26 26 26 25 25 25 
24 24 24 23 23 23 
22 22 22 21 21 21 
20 20 20 19 19 19 
18 18 18 17 17 17 
16 16 16 15 15 15 
14 14 14 13 13 13 
12 12 12 11 11 11 
10 10 10 9 9 9 
8 8 8 7 7 7 
6 6 6 5 5 5 
4 4 4 3 3 3 
2 2 2 1 1 1 
42 42 42 41 41 41 40 40 40 39 39 39 38 38 38 37 
35 35 35 34 34 34 33 33 33 32 32 32 31 31 31 37 
30 30 30 29 29 29 28 28 28 27 27 27 26 26 26 37 
25 25 25 24 24 24 23 23 23 22 22 22 21 21 21 36 
20 20 20 19 19 19 18 18 18 17 17 17 16 16 16 36 
15 15 15 14 14 14 13 13 13 12 12 12 11 11 11 36 
10 10 10 9 9 9 8 8 8 7 7 7 6 6 6 0 
5 5 5 4 4 4 3 3 3 2 2 2 1 1 1 0 
26 26 26 25 24 
15 15 15 25 24 
14 14 14 25 24 
13 13 13 23 22 
12 12 12 23 22 
11 11 11 23 22 
10 10 10 21 20 
9 9 9 21 20 
8 8 8 21 20 
7 7 7 19 18 
6 6 6 19 18 
5 5 5 19 18 
4 4 4 17 16 
3 3 3 17 16 
2 2 2 17 16 
1 1 1 0 0 
85 85 85 84 84 84 83 83 83 82 82 82 81 81 81 80 79 
70 70 70 69 69 69 68 68 68 67 67 67 66 66 66 80 79 
65 65 65 64 64 64 63 63 63 62 62 62 61 61 61 80 79 
60 60 60 59 59 59 58 58 58 57 57 57 56 56 56 78 77 
55 55 55 54 54 54 53 53 53 52 52 52 51 51 51 78 77 
50 50 50 49 49 49 48 48 48 47 47 47 46 46 46 78 77 
45 45 45 44 44 44 43 43 43 42 42 42 41 41 41 76 75 
40 40 40 39 39 39 38 38 38 37 37 37 36 36 36 76 75 
35 35 35 34 34 34 33 33 33 32 32 32 31 31 31 76 75 
30 30 30 29 29 29 28 28 28 27 27 27 26 26 26 74 73 
25 25 25 24 24 24 23 23 23 22 22 22 21 21 21 74 73 
20 20 20 19 19 19 18 18 18 17 17 17 16 16 16 74 73 
15 15 15 14 14 14 13 13 13 12 12 12 11 11 11 72 71 
10 10 10 9 9 9 8 8 8 7 7 7 6 6 6 72 71 
5 5 5 4 4 4 3 3 3 2 2 2 1 1 1 72 71 
58 58 58 57 57 57 56 56 56 55 54 
45 45 45 44 44 44 43 43 43 55 54 
42 42 42 41 41 41 40 40 40 55 54 
39 39 39 38 38 38 37 37 37 53 52 
36 36 36 35 35 35 34 34 34 53 52 
33 33 33 32 32 32 31 31 31 53 52 
30 30 30 29 29 29 28 28 28 51 50 
27 27 27 26 26 26 25 25 25 51 50 
24 24 24 23 23 23 22 22 22 51 50 
21 21 21 20 20 20 19 19 19 49 48 
18 18 18 17 17 17 16 16 16 49 48 
15 15 15 14 14 14 13 13 13 49 48 
12 12 12 11 11 11 10 10 10 47 46 
9 9 9 8 8 8 7 7 7 47 46 
6 6 6 5 5 5 4 4 4 47 46 
3 3 3 2 2 2 1 1 1 0 0 
18 18 18 17 
13 13 13 17 
12 12 12 17 
11 11 11 16 
10 10 10 16 
9 9 9 16 
8 8 8 15 
7 7 7 15 
6 6 6 15 
5 5 5 14 
4 4 4 14 
3 3 3 14 
2 2 2 0 
1 1 1 0 
102 102 102 101 101 101 100 100 100 99 99 99 98 98 98 97 96 
85 85 85 84 84 84 83 83 83 82 82 82 81 81 81 97 96 
80 80 80 79 79 79 78 78 78 77 77 77 76 76 76 97 96 
75 75 75 74 74 74 73 73 73 72 72 72 71 71 71 95 94 
70 70 70 69 69 69 68 68 68 67 67 67 66 66 66 95 94 
65 65 65 64 64 64 63 63 63 62 62 62 61 61 61 95 94 
60 60 60 59 59 59 58 58 58 57 57 57 56 56 56 93 92 
55 55 55 54 54 54 53 53 53 52 52 52 51 51 51 93 92 
50 50 50 49 49 49 48 48 48 47 47 47 46 46 46 93 92 
45 45 45 44 44 44 43 43 43 42 42 42 41 41 41 91 90 
40 40 40 39 39 39 38 38 38 37 37 37 36 36 36 91 90 
35 35 35 34 34 34 33 33 33 32 32 32 31 31 31 91 90 
30 30 30 29 29 29 28 28 28 27 27 27 26 26 26 89 88 
25 25 25 24 24 24 23 23 23 22 22 22 21 21 21 89 88 
20 20 20 19 19 19 18 18 18 17 17 17 16 16 16 89 88 
15 15 15 14 14 14 13 13 13 12 12 12 11 11 11 87 86 
10 10 10 9 9 9 8 8 8 7 7 7 6 6 6 87 86 
5 5 5 4 4 4 3 3 3 2 2 2 1 1 1 87 86 
