36 36 36 35 35 35 34 34 34 
33 33 33 32 32 32 31 31 31 
30 30 30 29 29 29 28 28 28 
27 27 27 26 26 26 25 25 25 
24 24 24 23 23 23 22 22 22 
21 21 21 20 20 20 19 19 19 
18 18 18 17 17 17 16 16 16 
15 15 15 14 14 14 13 13 13 
12 12 12 11 11 11 10 10 10 
9 9 9 8 8 8 7 7 7 
6 6 6 5 5 5 4 4 4 
3 3 3 2 2 2 1 1 1 
56 56 56 55 55 55 54 54 54 53 53 53 52 51 
44 44 44 43 43 43 42 42 42 41 41 41 52 51 
40 40 40 39 39 39 38 38 38 37 37 37 52 51 
36 36 36 35 35 35 34 34 34 33 33 33 50 49 
32 32 32 31 31 31 30 30 30 29 29 29 50 49 
28 28 28 27 27 27 26 26 26 25 25 25 50 49 
24 24 24 23 23 23 22 22 22 21 21 21 48 47 
20 20 20 19 19 19 18 18 18 17 17 17 48 47 
16 16 16 15 15 15 14 14 14 13 13 13 48 47 
12 12 12 11 11 11 10 10 10 9 9 9 46 45 
8 8 8 7 7 7 6 6 6 5 5 5 46 45 
4 4 4 3 3 3 2 2 2 1 1 1 46 45 
21 21 21 20 19 
12 12 12 20 19 
11 11 11 20 19 
10 10 10 18 17 
9 9 9 18 17 
8 8 8 18 17 
7 7 7 16 15 
6 6 6 16 15 
5 5 5 16 15 
4 4 4 14 13 
3 3 3 14 13 
2 2 2 14 13 
1 1 1 0 0 
25 25 25 24 24 24 23 23 23 22 21 
18 18 18 17 17 17 16 16 16 22 21 
15 15 15 14 14 14 13 13 13 22 21 
12 12 12 11 11 11 10 10 10 20 19 
9 9 9 8 8 8 7 7 7 20 19 
6 6 6 5 5 5 4 4 4 20 19 
3 3 3 2 2 2 1 1 1 0 0 
20 20 20 19 
14 14 14 19 
13 13 13 19 
12 12 12 18 
11 11 11 18 
10 10 10 18 
9 9 9 17 
8 8 8 17 
7 7 7 17 
6 6 6 16 
5 5 5 16 
4 4 4 16 
3 3 3 15 
2 2 2 15 
1 1 1 15 
26 26 26 25 25 25 24 24 24 23 
21 21 21 20 20 20 19 19 19 23 
18 18 18 17 17 17 16 16 16 23 
15 15 15 14 14 14 13 13 13 22 
12 12 12 11 11 11 10 10 10 22 
9 9 9 8 8 8 7 7 7 22 
6 6 6 5 5 5 4 4 4 0 
3 3 3 2 2 2 1 1 1 0 
36 36 36 35 35 35 34 34 34 33 32 
27 27 27 26 26 26 25 25 25 33 32 
24 24 24 23 23 23 22 22 22 33 32 
21 21 21 20 20 20 19 19 19 31 30 
18 18 18 17 17 17 16 16 16 31 30 
15 15 15 14 14 14 13 13 13 31 30 
12 12 12 11 11 11 10 10 10 29 28 
9 9 9 8 8 8 7 7 7 29 28 
6 6 6 5 5 5 4 4 4 29 28 
3 3 3 2 2 2 1 1 1 0 0 
40 40 40 39 39 39 38 38 38 37 
33 33 33 32 32 32 31 31 31 37 
30 30 30 29 29 29 28 28 28 37 
27 27 27 26 26 26 25 25 25 36 
24 24 24 23 23 23 22 22 22 36 
21 21 21 20 20 20 19 19 19 36 
18 18 18 17 17 17 16 16 16 35 
15 15 15 14 14 14 13 13 13 35 
12 12 12 11 11 11 10 10 10 35 
9 9 9 8 8 8 7 7 7 34 
6 6 6 5 5 5 4 4 4 34 
3 3 3 2 2 2 1 1 1 34 
56 56 56 55 55 55 54 54 54 53 53 53 52 
48 48 48 47 47 47 46 46 46 45 45 45 52 
44 44 44 43 43 43 42 42 42 41 41 41 52 
40 40 40 39 39 39 38 38 38 37 37 37 51 
36 36 36 35 35 35 34 34 34 33 33 33 51 
32 32 32 31 31 31 30 30 30 29 29 29 51 
28 28 28 27 27 27 26 26 26 25 25 25 50 
24 24 24 23 23 23 22 22 22 21 21 21 50 
20 20 20 19 19 19 18 18 18 17 17 17 50 
16 16 16 15 15 15 14 14 14 13 13 13 49 
12 12 12 11 11 11 10 10 10 9 9 9 49 
8 8 8 7 7 7 6 6 6 5 5 5 49 
4 4 4 3 3 3 2 2 2 1 1 1 0 
36 36 36 35 35 35 
34 34 34 33 33 33 
32 32 32 31 31 31 
30 30 30 29 29 29 
28 28 28 27 27 27 
26 26 26 25 25 25 
24 24 24 23 23 23 
22 22 22 21 21 21 
20 20 20 19 19 19 
18 18 18 17 17 17 
16 16 16 15 15 15 
14 14 14 13 13 13 
12 12 12 11 11 11 
10 10 10 9 9 9 
8 8 8 7 7 7 
6 6 6 5 5 5 
4 4 4 3 3 3 
2 2 2 1 1 1 
